0 info it worked if it ends with ok
1 verbose cli [ '/home/user/.nvm/versions/node/v6.9.5/bin/node',
1 verbose cli   '/home/user/.nvm/versions/node/v6.9.5/bin/npm',
1 verbose cli   'publish' ]
2 info using npm@3.10.10
3 info using node@v6.9.5
4 verbose publish [ '.' ]
5 verbose stack Error: Invalid name: "combined-reducers NGRX-REDUX"
5 verbose stack     at ensureValidName (/home/user/.nvm/versions/node/v6.9.5/lib/node_modules/npm/node_modules/normalize-package-data/lib/fixer.js:336:15)
5 verbose stack     at Object.fixNameField (/home/user/.nvm/versions/node/v6.9.5/lib/node_modules/npm/node_modules/normalize-package-data/lib/fixer.js:215:5)
5 verbose stack     at /home/user/.nvm/versions/node/v6.9.5/lib/node_modules/npm/node_modules/normalize-package-data/lib/normalize.js:32:38
5 verbose stack     at Array.forEach (native)
5 verbose stack     at normalize (/home/user/.nvm/versions/node/v6.9.5/lib/node_modules/npm/node_modules/normalize-package-data/lib/normalize.js:31:15)
5 verbose stack     at final (/home/user/.nvm/versions/node/v6.9.5/lib/node_modules/npm/node_modules/read-package-json/read-json.js:349:5)
5 verbose stack     at then (/home/user/.nvm/versions/node/v6.9.5/lib/node_modules/npm/node_modules/read-package-json/read-json.js:124:5)
5 verbose stack     at /home/user/.nvm/versions/node/v6.9.5/lib/node_modules/npm/node_modules/read-package-json/read-json.js:311:12
5 verbose stack     at /home/user/.nvm/versions/node/v6.9.5/lib/node_modules/npm/node_modules/graceful-fs/graceful-fs.js:78:16
5 verbose stack     at tryToString (fs.js:455:3)
6 verbose cwd /home/user/Desktop/myProjects/combined-reducers/combined-reducers
7 error Linux 4.13.0-37-generic
8 error argv "/home/user/.nvm/versions/node/v6.9.5/bin/node" "/home/user/.nvm/versions/node/v6.9.5/bin/npm" "publish"
9 error node v6.9.5
10 error npm  v3.10.10
11 error Invalid name: "combined-reducers NGRX-REDUX"
12 error If you need help, you may report this error at:
12 error     <https://github.com/npm/npm/issues>
13 verbose exit [ 1, true ]
